# JRE version: OpenJDK Runtime Environment (11.0.10) (build 11.0.10+0-b96-7249189)
# Java VM: OpenJDK 64-Bit Server VM (11.0.10+0-b96-7249189, mixed mode, tiered, compressed oops, g1 gc, windows-amd64)
Heap:
 garbage-first heap   total 76800K, used 32568K [0x0000000080000000, 0x0000000100000000)
  region size 1024K, 6 young (6144K), 2 survivors (2048K)
 Metaspace       used 44238K, capacity 45321K, committed 45516K, reserved 1089536K
  class space    used 5666K, capacity 6036K, committed 6092K, reserved 1048576K
GC Heap History (20 events):
Event: 13.143 GC heap before
{Heap before GC invocations=7 (full 0):
 garbage-first heap   total 63488K, used 41938K [0x0000000080000000, 0x0000000100000000)
  region size 1024K, 26 young (26624K), 1 survivors (1024K)
 Metaspace       used 23203K, capacity 23887K, committed 23936K, reserved 1071104K
  class space    used 2943K, capacity 3157K, committed 3200K, reserved 1048576K
}
Event: 13.150 GC heap after
{Heap after GC invocations=8 (full 0):
 garbage-first heap   total 63488K, used 18030K [0x0000000080000000, 0x0000000100000000)
  region size 1024K, 2 young (2048K), 2 survivors (2048K)
 Metaspace       used 23203K, capacity 23887K, committed 23936K, reserved 1071104K
  class space    used 2943K, capacity 3157K, committed 3200K, reserved 1048576K
}
Event: 14.289 GC heap before
{Heap before GC invocations=8 (full 0):
 garbage-first heap   total 63488K, used 44654K [0x0000000080000000, 0x0000000100000000)
  region size 1024K, 28 young (28672K), 2 survivors (2048K)
 Metaspace       used 25985K, capacity 26619K, committed 26752K, reserved 1073152K
  class space    used 3392K, capacity 3601K, committed 3712K, reserved 1048576K
}
Event: 14.297 GC heap after
{Heap after GC invocations=9 (full 0):
 garbage-first heap   total 63488K, used 19021K [0x0000000080000000, 0x0000000100000000)
  region size 1024K, 3 young (3072K), 3 survivors (3072K)
 Metaspace       used 25985K, capacity 26619K, committed 26752K, reserved 1073152K
  class space    used 3392K, capacity 3601K, committed 3712K, reserved 1048576K
}
Event: 15.597 GC heap before
{Heap before GC invocations=9 (full 0):
 garbage-first heap   total 63488K, used 45645K [0x0000000080000000, 0x0000000100000000)
  region size 1024K, 29 young (29696K), 3 survivors (3072K)
 Metaspace       used 28343K, capacity 29054K, committed 29184K, reserved 1075200K
  class space    used 3770K, capacity 4030K, committed 4096K, reserved 1048576K
}
Event: 15.606 GC heap after
{Heap after GC invocations=10 (full 0):
 garbage-first heap   total 63488K, used 19869K [0x0000000080000000, 0x0000000100000000)
  region size 1024K, 3 young (3072K), 3 survivors (3072K)
 Metaspace       used 28343K, capacity 29054K, committed 29184K, reserved 1075200K
  class space    used 3770K, capacity 4030K, committed 4096K, reserved 1048576K
}
Event: 17.290 GC heap before
{Heap before GC invocations=10 (full 0):
 garbage-first heap   total 63488K, used 46493K [0x0000000080000000, 0x0000000100000000)
  region size 1024K, 30 young (30720K), 3 survivors (3072K)
 Metaspace       used 34567K, capacity 35379K, committed 35584K, reserved 1079296K
  class space    used 4491K, capacity 4800K, committed 4864K, reserved 1048576K
}
Event: 17.303 GC heap after
{Heap after GC invocations=11 (full 0):
 garbage-first heap   total 63488K, used 22345K [0x0000000080000000, 0x0000000100000000)
  region size 1024K, 4 young (4096K), 4 survivors (4096K)
 Metaspace       used 34567K, capacity 35379K, committed 35584K, reserved 1079296K
  class space    used 4491K, capacity 4800K, committed 4864K, reserved 1048576K
}
Event: 17.401 GC heap before
{Heap before GC invocations=11 (full 0):
 garbage-first heap   total 63488K, used 23369K [0x0000000080000000, 0x0000000100000000)
  region size 1024K, 7 young (7168K), 4 survivors (4096K)
 Metaspace       used 35052K, capacity 35827K, committed 35840K, reserved 1081344K
  class space    used 4533K, capacity 4864K, committed 4864K, reserved 1048576K
}
Event: 17.418 GC heap after
{Heap after GC invocations=12 (full 0):
 garbage-first heap   total 63488K, used 23109K [0x0000000080000000, 0x0000000100000000)
  region size 1024K, 1 young (1024K), 1 survivors (1024K)
 Metaspace       used 35052K, capacity 35827K, committed 35840K, reserved 1081344K
  class space    used 4533K, capacity 4864K, committed 4864K, reserved 1048576K
}
Event: 17.800 GC heap before
{Heap before GC invocations=13 (full 0):
 garbage-first heap   total 63488K, used 37445K [0x0000000080000000, 0x0000000100000000)
  region size 1024K, 16 young (16384K), 1 survivors (1024K)
 Metaspace       used 35906K, capacity 36754K, committed 36940K, reserved 1081344K
  class space    used 4614K, capacity 4916K, committed 4940K, reserved 1048576K
}
Event: 17.809 GC heap after
{Heap after GC invocations=14 (full 0):
 garbage-first heap   total 76800K, used 25043K [0x0000000080000000, 0x0000000100000000)
  region size 1024K, 2 young (2048K), 2 survivors (2048K)
 Metaspace       used 35906K, capacity 36754K, committed 36940K, reserved 1081344K
  class space    used 4614K, capacity 4916K, committed 4940K, reserved 1048576K
}
Event: 18.853 GC heap before
{Heap before GC invocations=14 (full 0):
 garbage-first heap   total 76800K, used 49619K [0x0000000080000000, 0x0000000100000000)
  region size 1024K, 24 young (24576K), 2 survivors (2048K)
 Metaspace       used 38069K, capacity 38957K, committed 38988K, reserved 1083392K
  class space    used 4844K, capacity 5176K, committed 5196K, reserved 1048576K
}
Event: 18.859 GC heap after
{Heap after GC invocations=15 (full 0):
 garbage-first heap   total 76800K, used 25957K [0x0000000080000000, 0x0000000100000000)
  region size 1024K, 2 young (2048K), 2 survivors (2048K)
 Metaspace       used 38069K, capacity 38957K, committed 38988K, reserved 1083392K
  class space    used 4844K, capacity 5176K, committed 5196K, reserved 1048576K
}
Event: 19.540 GC heap before
{Heap before GC invocations=15 (full 0):
 garbage-first heap   total 76800K, used 49509K [0x0000000080000000, 0x0000000100000000)
  region size 1024K, 25 young (25600K), 2 survivors (2048K)
 Metaspace       used 39601K, capacity 40491K, committed 40780K, reserved 1085440K
  class space    used 5051K, capacity 5390K, committed 5452K, reserved 1048576K
}
Event: 19.550 GC heap after
{Heap after GC invocations=16 (full 0):
 garbage-first heap   total 76800K, used 27664K [0x0000000080000000, 0x0000000100000000)
  region size 1024K, 4 young (4096K), 4 survivors (4096K)
 Metaspace       used 39601K, capacity 40491K, committed 40780K, reserved 1085440K
  class space    used 5051K, capacity 5390K, committed 5452K, reserved 1048576K
}
Event: 20.338 GC heap before
{Heap before GC invocations=16 (full 0):
 garbage-first heap   total 76800K, used 50192K [0x0000000080000000, 0x0000000100000000)
  region size 1024K, 27 young (27648K), 4 survivors (4096K)
 Metaspace       used 41672K, capacity 42605K, committed 42956K, reserved 1087488K
  class space    used 5366K, capacity 5705K, committed 5836K, reserved 1048576K
}
Event: 20.348 GC heap after
{Heap after GC invocations=17 (full 0):
 garbage-first heap   total 76800K, used 28287K [0x0000000080000000, 0x0000000100000000)
  region size 1024K, 3 young (3072K), 3 survivors (3072K)
 Metaspace       used 41672K, capacity 42605K, committed 42956K, reserved 1087488K
  class space    used 5366K, capacity 5705K, committed 5836K, reserved 1048576K
}
Event: 21.404 GC heap before
{Heap before GC invocations=17 (full 0):
 garbage-first heap   total 76800K, used 53887K [0x0000000080000000, 0x0000000100000000)
  region size 1024K, 27 young (27648K), 3 survivors (3072K)
 Metaspace       used 43983K, capacity 45027K, committed 45260K, reserved 1089536K
  class space    used 5633K, capacity 6002K, committed 6092K, reserved 1048576K
}
Event: 21.414 GC heap after
{Heap after GC invocations=18 (full 0):
 garbage-first heap   total 76800K, used 29496K [0x0000000080000000, 0x0000000100000000)
  region size 1024K, 2 young (2048K), 2 survivors (2048K)
 Metaspace       used 43983K, capacity 45027K, committed 45260K, reserved 1089536K
  class space    used 5633K, capacity 6002K, committed 6092K, reserved 1048576K
}

