# JRE version: OpenJDK Runtime Environment (11.0.10) (build 11.0.10+0-b96-7249189)
# Java VM: OpenJDK 64-Bit Server VM (11.0.10+0-b96-7249189, mixed mode, tiered, compressed oops, g1 gc, windows-amd64)
Heap:
 garbage-first heap   total 421888K, used 121005K [0x0000000080000000, 0x0000000100000000)
  region size 1024K, 3 young (3072K), 3 survivors (3072K)
 Metaspace       used 126397K, capacity 129595K, committed 129792K, reserved 1163264K
  class space    used 15579K, capacity 16779K, committed 16896K, reserved 1048576K
GC Heap History (20 events):
Event: 7664.284 GC heap after
{Heap after GC invocations=218 (full 0):
 garbage-first heap   total 210944K, used 119178K [0x0000000080000000, 0x0000000100000000)
  region size 1024K, 1 young (1024K), 1 survivors (1024K)
 Metaspace       used 125708K, capacity 128953K, committed 129152K, reserved 1161216K
  class space    used 15518K, capacity 16698K, committed 16768K, reserved 1048576K
}
Event: 7665.412 GC heap before
{Heap before GC invocations=219 (full 0):
 garbage-first heap   total 210944K, used 161162K [0x0000000080000000, 0x0000000100000000)
  region size 1024K, 42 young (43008K), 1 survivors (1024K)
 Metaspace       used 125978K, capacity 129172K, committed 129408K, reserved 1161216K
  class space    used 15525K, capacity 16706K, committed 16768K, reserved 1048576K
}
Event: 7665.417 GC heap after
{Heap after GC invocations=220 (full 0):
 garbage-first heap   total 210944K, used 119310K [0x0000000080000000, 0x0000000100000000)
  region size 1024K, 1 young (1024K), 1 survivors (1024K)
 Metaspace       used 125978K, capacity 129172K, committed 129408K, reserved 1161216K
  class space    used 15525K, capacity 16706K, committed 16768K, reserved 1048576K
}
Event: 7665.652 GC heap before
{Heap before GC invocations=220 (full 0):
 garbage-first heap   total 210944K, used 128526K [0x0000000080000000, 0x0000000100000000)
  region size 1024K, 10 young (10240K), 1 survivors (1024K)
 Metaspace       used 126052K, capacity 129272K, committed 129408K, reserved 1161216K
  class space    used 15546K, capacity 16739K, committed 16768K, reserved 1048576K
}
Event: 7665.657 GC heap after
{Heap after GC invocations=221 (full 0):
 garbage-first heap   total 210944K, used 119361K [0x0000000080000000, 0x0000000100000000)
  region size 1024K, 1 young (1024K), 1 survivors (1024K)
 Metaspace       used 126052K, capacity 129272K, committed 129408K, reserved 1161216K
  class space    used 15546K, capacity 16739K, committed 16768K, reserved 1048576K
}
Event: 7666.587 GC heap before
{Heap before GC invocations=222 (full 0):
 garbage-first heap   total 210944K, used 151105K [0x0000000080000000, 0x0000000100000000)
  region size 1024K, 32 young (32768K), 1 survivors (1024K)
 Metaspace       used 126261K, capacity 129519K, committed 129792K, reserved 1163264K
  class space    used 15574K, capacity 16777K, committed 16896K, reserved 1048576K
}
Event: 7666.594 GC heap after
{Heap after GC invocations=223 (full 0):
 garbage-first heap   total 210944K, used 119661K [0x0000000080000000, 0x0000000100000000)
  region size 1024K, 2 young (2048K), 2 survivors (2048K)
 Metaspace       used 126261K, capacity 129519K, committed 129792K, reserved 1163264K
  class space    used 15574K, capacity 16777K, committed 16896K, reserved 1048576K
}
Event: 7667.808 GC heap before
{Heap before GC invocations=223 (full 0):
 garbage-first heap   total 210944K, used 130925K [0x0000000080000000, 0x0000000100000000)
  region size 1024K, 13 young (13312K), 2 survivors (2048K)
 Metaspace       used 126280K, capacity 129519K, committed 129792K, reserved 1163264K
  class space    used 15576K, capacity 16777K, committed 16896K, reserved 1048576K
}
Event: 7667.816 GC heap after
{Heap after GC invocations=224 (full 0):
 garbage-first heap   total 210944K, used 119973K [0x0000000080000000, 0x0000000100000000)
  region size 1024K, 2 young (2048K), 2 survivors (2048K)
 Metaspace       used 126280K, capacity 129519K, committed 129792K, reserved 1163264K
  class space    used 15576K, capacity 16777K, committed 16896K, reserved 1048576K
}
Event: 7668.930 GC heap before
{Heap before GC invocations=225 (full 0):
 garbage-first heap   total 210944K, used 134309K [0x0000000080000000, 0x0000000100000000)
  region size 1024K, 16 young (16384K), 2 survivors (2048K)
 Metaspace       used 126302K, capacity 129521K, committed 129792K, reserved 1163264K
  class space    used 15577K, capacity 16777K, committed 16896K, reserved 1048576K
}
Event: 7668.936 GC heap after
{Heap after GC invocations=226 (full 0):
 garbage-first heap   total 210944K, used 119840K [0x0000000080000000, 0x0000000100000000)
  region size 1024K, 1 young (1024K), 1 survivors (1024K)
 Metaspace       used 126302K, capacity 129521K, committed 129792K, reserved 1163264K
  class space    used 15577K, capacity 16777K, committed 16896K, reserved 1048576K
}
Event: 7669.324 GC heap before
{Heap before GC invocations=226 (full 0):
 garbage-first heap   total 210944K, used 138272K [0x0000000080000000, 0x0000000100000000)
  region size 1024K, 19 young (19456K), 1 survivors (1024K)
 Metaspace       used 126317K, capacity 129522K, committed 129792K, reserved 1163264K
  class space    used 15578K, capacity 16777K, committed 16896K, reserved 1048576K
}
Event: 7669.330 GC heap after
{Heap after GC invocations=227 (full 0):
 garbage-first heap   total 210944K, used 120013K [0x0000000080000000, 0x0000000100000000)
  region size 1024K, 2 young (2048K), 2 survivors (2048K)
 Metaspace       used 126317K, capacity 129522K, committed 129792K, reserved 1163264K
  class space    used 15578K, capacity 16777K, committed 16896K, reserved 1048576K
}
Event: 7669.979 GC heap before
{Heap before GC invocations=228 (full 0):
 garbage-first heap   total 210944K, used 148685K [0x0000000080000000, 0x0000000100000000)
  region size 1024K, 30 young (30720K), 2 survivors (2048K)
 Metaspace       used 126328K, capacity 129524K, committed 129792K, reserved 1163264K
  class space    used 15578K, capacity 16777K, committed 16896K, reserved 1048576K
}
Event: 7669.986 GC heap after
{Heap after GC invocations=229 (full 0):
 garbage-first heap   total 210944K, used 120073K [0x0000000080000000, 0x0000000100000000)
  region size 1024K, 2 young (2048K), 2 survivors (2048K)
 Metaspace       used 126328K, capacity 129524K, committed 129792K, reserved 1163264K
  class space    used 15578K, capacity 16777K, committed 16896K, reserved 1048576K
}
Event: 7670.039 GC heap before
{Heap before GC invocations=229 (full 0):
 garbage-first heap   total 210944K, used 128265K [0x0000000080000000, 0x0000000100000000)
  region size 1024K, 10 young (10240K), 2 survivors (2048K)
 Metaspace       used 126333K, capacity 129524K, committed 129792K, reserved 1163264K
  class space    used 15578K, capacity 16777K, committed 16896K, reserved 1048576K
}
Event: 7670.599 GC heap after
{Heap after GC invocations=230 (full 0):
 garbage-first heap   total 210944K, used 120106K [0x0000000080000000, 0x0000000100000000)
  region size 1024K, 2 young (2048K), 2 survivors (2048K)
 Metaspace       used 126333K, capacity 129524K, committed 129792K, reserved 1163264K
  class space    used 15578K, capacity 16777K, committed 16896K, reserved 1048576K
}
Event: 7670.778 GC heap before
{Heap before GC invocations=230 (full 0):
 garbage-first heap   total 210944K, used 150826K [0x0000000080000000, 0x0000000100000000)
  region size 1024K, 32 young (32768K), 2 survivors (2048K)
 Metaspace       used 126370K, capacity 129590K, committed 129792K, reserved 1163264K
  class space    used 15578K, capacity 16777K, committed 16896K, reserved 1048576K
}
Event: 7670.786 GC heap after
{Heap after GC invocations=231 (full 0):
 garbage-first heap   total 210944K, used 121142K [0x0000000080000000, 0x0000000100000000)
  region size 1024K, 3 young (3072K), 3 survivors (3072K)
 Metaspace       used 126370K, capacity 129590K, committed 129792K, reserved 1163264K
  class space    used 15578K, capacity 16777K, committed 16896K, reserved 1048576K
}
Event: 7671.604 GC heap before
{Heap before GC invocations=232 (full 0):
 garbage-first heap   total 210944K, used 163126K [0x0000000080000000, 0x0000000100000000)
  region size 1024K, 44 young (45056K), 3 survivors (3072K)
 Metaspace       used 126397K, capacity 129595K, committed 129792K, reserved 1163264K
  class space    used 15579K, capacity 16779K, committed 16896K, reserved 1048576K
}

