# JRE version: OpenJDK Runtime Environment (11.0.10) (build 11.0.10+0-b96-7249189)
# Java VM: OpenJDK 64-Bit Server VM (11.0.10+0-b96-7249189, mixed mode, tiered, compressed oops, g1 gc, windows-amd64)
Heap:
 garbage-first heap   total 192512K, used 109253K [0x0000000080000000, 0x0000000100000000)
  region size 1024K, 13 young (13312K), 4 survivors (4096K)
 Metaspace       used 96641K, capacity 99078K, committed 99200K, reserved 1134592K
  class space    used 12601K, capacity 13574K, committed 13696K, reserved 1048576K
GC Heap History (20 events):
Event: 122.364 GC heap before
{Heap before GC invocations=95 (full 0):
 garbage-first heap   total 133120K, used 105788K [0x0000000080000000, 0x0000000100000000)
  region size 1024K, 44 young (45056K), 5 survivors (5120K)
 Metaspace       used 84666K, capacity 86826K, committed 87168K, reserved 1124352K
  class space    used 10996K, capacity 11799K, committed 11904K, reserved 1048576K
}
Event: 122.381 GC heap after
{Heap after GC invocations=96 (full 0):
 garbage-first heap   total 133120K, used 71428K [0x0000000080000000, 0x0000000100000000)
  region size 1024K, 6 young (6144K), 6 survivors (6144K)
 Metaspace       used 84666K, capacity 86826K, committed 87168K, reserved 1124352K
  class space    used 10996K, capacity 11799K, committed 11904K, reserved 1048576K
}
Event: 123.283 GC heap before
{Heap before GC invocations=97 (full 0):
 garbage-first heap   total 133120K, used 106244K [0x0000000080000000, 0x0000000100000000)
  region size 1024K, 41 young (41984K), 6 survivors (6144K)
 Metaspace       used 86046K, capacity 88176K, committed 88320K, reserved 1126400K
  class space    used 11175K, capacity 11973K, committed 12032K, reserved 1048576K
}
Event: 123.308 GC heap after
{Heap after GC invocations=98 (full 0):
 garbage-first heap   total 159744K, used 78256K [0x0000000080000000, 0x0000000100000000)
  region size 1024K, 6 young (6144K), 6 survivors (6144K)
 Metaspace       used 86046K, capacity 88176K, committed 88320K, reserved 1126400K
  class space    used 11175K, capacity 11973K, committed 12032K, reserved 1048576K
}
Event: 124.476 GC heap before
{Heap before GC invocations=98 (full 0):
 garbage-first heap   total 159744K, used 120240K [0x0000000080000000, 0x0000000100000000)
  region size 1024K, 47 young (48128K), 6 survivors (6144K)
 Metaspace       used 88541K, capacity 90660K, committed 90752K, reserved 1128448K
  class space    used 11511K, capacity 12333K, committed 12416K, reserved 1048576K
}
Event: 124.516 GC heap after
{Heap after GC invocations=99 (full 0):
 garbage-first heap   total 159744K, used 82944K [0x0000000080000000, 0x0000000100000000)
  region size 1024K, 6 young (6144K), 6 survivors (6144K)
 Metaspace       used 88541K, capacity 90660K, committed 90752K, reserved 1128448K
  class space    used 11511K, capacity 12333K, committed 12416K, reserved 1048576K
}
Event: 125.321 GC heap before
{Heap before GC invocations=100 (full 0):
 garbage-first heap   total 159744K, used 123904K [0x0000000080000000, 0x0000000100000000)
  region size 1024K, 46 young (47104K), 6 survivors (6144K)
 Metaspace       used 89602K, capacity 91720K, committed 91904K, reserved 1128448K
  class space    used 11625K, capacity 12448K, committed 12544K, reserved 1048576K
}
Event: 125.352 GC heap after
{Heap after GC invocations=101 (full 0):
 garbage-first heap   total 159744K, used 90543K [0x0000000080000000, 0x0000000100000000)
  region size 1024K, 6 young (6144K), 6 survivors (6144K)
 Metaspace       used 89602K, capacity 91720K, committed 91904K, reserved 1128448K
  class space    used 11625K, capacity 12448K, committed 12544K, reserved 1048576K
}
Event: 125.657 GC heap before
{Heap before GC invocations=101 (full 0):
 garbage-first heap   total 159744K, used 125359K [0x0000000080000000, 0x0000000100000000)
  region size 1024K, 40 young (40960K), 6 survivors (6144K)
 Metaspace       used 90582K, capacity 92802K, committed 92928K, reserved 1130496K
  class space    used 11842K, capacity 12705K, committed 12800K, reserved 1048576K
}
Event: 125.689 GC heap after
{Heap after GC invocations=102 (full 0):
 garbage-first heap   total 159744K, used 97227K [0x0000000080000000, 0x0000000100000000)
  region size 1024K, 5 young (5120K), 5 survivors (5120K)
 Metaspace       used 90582K, capacity 92802K, committed 92928K, reserved 1130496K
  class space    used 11842K, capacity 12705K, committed 12800K, reserved 1048576K
}
Event: 127.010 GC heap before
{Heap before GC invocations=103 (full 0):
 garbage-first heap   total 159744K, used 127947K [0x0000000080000000, 0x0000000100000000)
  region size 1024K, 36 young (36864K), 5 survivors (5120K)
 Metaspace       used 93635K, capacity 96032K, committed 96256K, reserved 1132544K
  class space    used 12338K, capacity 13272K, committed 13312K, reserved 1048576K
}
Event: 127.037 GC heap after
{Heap after GC invocations=104 (full 0):
 garbage-first heap   total 192512K, used 99141K [0x0000000080000000, 0x0000000100000000)
  region size 1024K, 2 young (2048K), 2 survivors (2048K)
 Metaspace       used 93635K, capacity 96032K, committed 96256K, reserved 1132544K
  class space    used 12338K, capacity 13272K, committed 13312K, reserved 1048576K
}
Event: 128.900 GC heap before
{Heap before GC invocations=104 (full 0):
 garbage-first heap   total 192512K, used 142149K [0x0000000080000000, 0x0000000100000000)
  region size 1024K, 44 young (45056K), 2 survivors (2048K)
 Metaspace       used 94652K, capacity 97035K, committed 97152K, reserved 1132544K
  class space    used 12399K, capacity 13343K, committed 13440K, reserved 1048576K
}
Event: 128.913 GC heap after
{Heap after GC invocations=105 (full 0):
 garbage-first heap   total 192512K, used 99879K [0x0000000080000000, 0x0000000100000000)
  region size 1024K, 3 young (3072K), 3 survivors (3072K)
 Metaspace       used 94652K, capacity 97035K, committed 97152K, reserved 1132544K
  class space    used 12399K, capacity 13343K, committed 13440K, reserved 1048576K
}
Event: 129.954 GC heap before
{Heap before GC invocations=106 (full 0):
 garbage-first heap   total 192512K, used 144935K [0x0000000080000000, 0x0000000100000000)
  region size 1024K, 47 young (48128K), 3 survivors (3072K)
 Metaspace       used 95410K, capacity 97765K, committed 97920K, reserved 1134592K
  class space    used 12460K, capacity 13400K, committed 13440K, reserved 1048576K
}
Event: 129.967 GC heap after
{Heap after GC invocations=107 (full 0):
 garbage-first heap   total 192512K, used 100398K [0x0000000080000000, 0x0000000100000000)
  region size 1024K, 3 young (3072K), 3 survivors (3072K)
 Metaspace       used 95410K, capacity 97765K, committed 97920K, reserved 1134592K
  class space    used 12460K, capacity 13400K, committed 13440K, reserved 1048576K
}
Event: 130.711 GC heap before
{Heap before GC invocations=107 (full 0):
 garbage-first heap   total 192512K, used 153646K [0x0000000080000000, 0x0000000100000000)
  region size 1024K, 55 young (56320K), 3 survivors (3072K)
 Metaspace       used 96353K, capacity 98833K, committed 99072K, reserved 1134592K
  class space    used 12569K, capacity 13538K, committed 13568K, reserved 1048576K
}
Event: 130.726 GC heap after
{Heap after GC invocations=108 (full 0):
 garbage-first heap   total 192512K, used 100941K [0x0000000080000000, 0x0000000100000000)
  region size 1024K, 4 young (4096K), 4 survivors (4096K)
 Metaspace       used 96353K, capacity 98833K, committed 99072K, reserved 1134592K
  class space    used 12569K, capacity 13538K, committed 13568K, reserved 1048576K
}
Event: 131.632 GC heap before
{Heap before GC invocations=109 (full 0):
 garbage-first heap   total 192512K, used 154189K [0x0000000080000000, 0x0000000100000000)
  region size 1024K, 56 young (57344K), 4 survivors (4096K)
 Metaspace       used 96587K, capacity 99077K, committed 99200K, reserved 1134592K
  class space    used 12601K, capacity 13574K, committed 13696K, reserved 1048576K
}
Event: 131.651 GC heap after
{Heap after GC invocations=110 (full 0):
 garbage-first heap   total 192512K, used 100308K [0x0000000080000000, 0x0000000100000000)
  region size 1024K, 3 young (3072K), 3 survivors (3072K)
 Metaspace       used 96587K, capacity 99077K, committed 99200K, reserved 1134592K
  class space    used 12601K, capacity 13574K, committed 13696K, reserved 1048576K
}

