# JRE version: OpenJDK Runtime Environment (11.0.10) (build 11.0.10+0-b96-7249189)
# Java VM: OpenJDK 64-Bit Server VM (11.0.10+0-b96-7249189, mixed mode, tiered, compressed oops, g1 gc, windows-amd64)
Heap:
 garbage-first heap   total 206848K, used 101519K [0x0000000080000000, 0x0000000100000000)
  region size 1024K, 3 young (3072K), 3 survivors (3072K)
 Metaspace       used 96013K, capacity 98452K, committed 98764K, reserved 1134592K
  class space    used 12513K, capacity 13416K, committed 13516K, reserved 1048576K
GC Heap History (20 events):
Event: 52.545 GC heap after
{Heap after GC invocations=78 (full 0):
 garbage-first heap   total 143360K, used 80440K [0x0000000080000000, 0x0000000100000000)
  region size 1024K, 6 young (6144K), 6 survivors (6144K)
 Metaspace       used 87682K, capacity 89916K, committed 90188K, reserved 1126400K
  class space    used 11433K, capacity 12262K, committed 12364K, reserved 1048576K
}
Event: 53.262 GC heap before
{Heap before GC invocations=79 (full 0):
 garbage-first heap   total 143360K, used 113208K [0x0000000080000000, 0x0000000100000000)
  region size 1024K, 38 young (38912K), 6 survivors (6144K)
 Metaspace       used 88594K, capacity 90836K, committed 91084K, reserved 1128448K
  class space    used 11547K, capacity 12372K, committed 12492K, reserved 1048576K
}
Event: 53.294 GC heap after
{Heap after GC invocations=80 (full 0):
 garbage-first heap   total 172032K, used 85879K [0x0000000080000000, 0x0000000100000000)
  region size 1024K, 5 young (5120K), 5 survivors (5120K)
 Metaspace       used 88594K, capacity 90836K, committed 91084K, reserved 1128448K
  class space    used 11547K, capacity 12372K, committed 12492K, reserved 1048576K
}
Event: 53.843 GC heap before
{Heap before GC invocations=80 (full 0):
 garbage-first heap   total 172032K, used 125815K [0x0000000080000000, 0x0000000100000000)
  region size 1024K, 45 young (46080K), 5 survivors (5120K)
 Metaspace       used 89509K, capacity 91767K, committed 91980K, reserved 1128448K
  class space    used 11676K, capacity 12509K, committed 12620K, reserved 1048576K
}
Event: 53.874 GC heap after
{Heap after GC invocations=81 (full 0):
 garbage-first heap   total 172032K, used 93465K [0x0000000080000000, 0x0000000100000000)
  region size 1024K, 6 young (6144K), 6 survivors (6144K)
 Metaspace       used 89509K, capacity 91767K, committed 91980K, reserved 1128448K
  class space    used 11676K, capacity 12509K, committed 12620K, reserved 1048576K
}
Event: 54.871 GC heap before
{Heap before GC invocations=82 (full 0):
 garbage-first heap   total 172032K, used 130329K [0x0000000080000000, 0x0000000100000000)
  region size 1024K, 43 young (44032K), 6 survivors (6144K)
 Metaspace       used 92561K, capacity 94957K, committed 95180K, reserved 1130496K
  class space    used 12224K, capacity 13131K, committed 13260K, reserved 1048576K
}
Event: 54.895 GC heap after
{Heap after GC invocations=83 (full 0):
 garbage-first heap   total 172032K, used 99051K [0x0000000080000000, 0x0000000100000000)
  region size 1024K, 5 young (5120K), 5 survivors (5120K)
 Metaspace       used 92561K, capacity 94957K, committed 95180K, reserved 1130496K
  class space    used 12224K, capacity 13131K, committed 13260K, reserved 1048576K
}
Event: 56.077 GC heap before
{Heap before GC invocations=83 (full 0):
 garbage-first heap   total 172032K, used 135915K [0x0000000080000000, 0x0000000100000000)
  region size 1024K, 41 young (41984K), 5 survivors (5120K)
 Metaspace       used 94169K, capacity 96677K, committed 96844K, reserved 1132544K
  class space    used 12397K, capacity 13328K, committed 13388K, reserved 1048576K
}
Event: 56.091 GC heap after
{Heap after GC invocations=84 (full 0):
 garbage-first heap   total 172032K, used 100174K [0x0000000080000000, 0x0000000100000000)
  region size 1024K, 1 young (1024K), 1 survivors (1024K)
 Metaspace       used 94169K, capacity 96677K, committed 96844K, reserved 1132544K
  class space    used 12397K, capacity 13328K, committed 13388K, reserved 1048576K
}
Event: 56.864 GC heap before
{Heap before GC invocations=85 (full 0):
 garbage-first heap   total 172032K, used 138062K [0x0000000080000000, 0x0000000100000000)
  region size 1024K, 38 young (38912K), 1 survivors (1024K)
 Metaspace       used 94643K, capacity 97078K, committed 97356K, reserved 1132544K
  class space    used 12439K, capacity 13351K, committed 13388K, reserved 1048576K
}
Event: 56.870 GC heap after
{Heap after GC invocations=86 (full 0):
 garbage-first heap   total 172032K, used 100572K [0x0000000080000000, 0x0000000100000000)
  region size 1024K, 2 young (2048K), 2 survivors (2048K)
 Metaspace       used 94643K, capacity 97078K, committed 97356K, reserved 1132544K
  class space    used 12439K, capacity 13351K, committed 13388K, reserved 1048576K
}
Event: 57.390 GC heap before
{Heap before GC invocations=86 (full 0):
 garbage-first heap   total 172032K, used 139484K [0x0000000080000000, 0x0000000100000000)
  region size 1024K, 40 young (40960K), 2 survivors (2048K)
 Metaspace       used 94797K, capacity 97217K, committed 97356K, reserved 1132544K
  class space    used 12440K, capacity 13353K, committed 13388K, reserved 1048576K
}
Event: 57.402 GC heap after
{Heap after GC invocations=87 (full 0):
 garbage-first heap   total 172032K, used 101460K [0x0000000080000000, 0x0000000100000000)
  region size 1024K, 3 young (3072K), 3 survivors (3072K)
 Metaspace       used 94797K, capacity 97217K, committed 97356K, reserved 1132544K
  class space    used 12440K, capacity 13353K, committed 13388K, reserved 1048576K
}
Event: 58.010 GC heap before
{Heap before GC invocations=88 (full 0):
 garbage-first heap   total 172032K, used 140372K [0x0000000080000000, 0x0000000100000000)
  region size 1024K, 41 young (41984K), 3 survivors (3072K)
 Metaspace       used 94753K, capacity 97098K, committed 97612K, reserved 1134592K
  class space    used 12382K, capacity 13250K, committed 13388K, reserved 1048576K
}
Event: 58.019 GC heap after
{Heap after GC invocations=89 (full 0):
 garbage-first heap   total 172032K, used 100896K [0x0000000080000000, 0x0000000100000000)
  region size 1024K, 2 young (2048K), 2 survivors (2048K)
 Metaspace       used 94753K, capacity 97098K, committed 97612K, reserved 1134592K
  class space    used 12382K, capacity 13250K, committed 13388K, reserved 1048576K
}
Event: 58.502 GC heap before
{Heap before GC invocations=89 (full 0):
 garbage-first heap   total 172032K, used 141856K [0x0000000080000000, 0x0000000100000000)
  region size 1024K, 42 young (43008K), 2 survivors (2048K)
 Metaspace       used 94962K, capacity 97339K, committed 97740K, reserved 1134592K
  class space    used 12402K, capacity 13282K, committed 13516K, reserved 1048576K
}
Event: 58.512 GC heap after
{Heap after GC invocations=90 (full 0):
 garbage-first heap   total 172032K, used 101073K [0x0000000080000000, 0x0000000100000000)
  region size 1024K, 2 young (2048K), 2 survivors (2048K)
 Metaspace       used 94962K, capacity 97339K, committed 97740K, reserved 1134592K
  class space    used 12402K, capacity 13282K, committed 13516K, reserved 1048576K
}
Event: 59.119 GC heap before
{Heap before GC invocations=91 (full 0):
 garbage-first heap   total 172032K, used 143057K [0x0000000080000000, 0x0000000100000000)
  region size 1024K, 43 young (44032K), 2 survivors (2048K)
 Metaspace       used 95350K, capacity 97683K, committed 97996K, reserved 1134592K
  class space    used 12440K, capacity 13332K, committed 13516K, reserved 1048576K
}
Event: 59.131 GC heap after
{Heap after GC invocations=92 (full 0):
 garbage-first heap   total 172032K, used 101254K [0x0000000080000000, 0x0000000100000000)
  region size 1024K, 2 young (2048K), 2 survivors (2048K)
 Metaspace       used 95350K, capacity 97683K, committed 97996K, reserved 1134592K
  class space    used 12440K, capacity 13332K, committed 13516K, reserved 1048576K
}
Event: 59.668 GC heap before
{Heap before GC invocations=92 (full 0):
 garbage-first heap   total 172032K, used 144262K [0x0000000080000000, 0x0000000100000000)
  region size 1024K, 44 young (45056K), 2 survivors (2048K)
 Metaspace       used 96013K, capacity 98452K, committed 98764K, reserved 1134592K
  class space    used 12513K, capacity 13416K, committed 13516K, reserved 1048576K
}

