# JRE version: OpenJDK Runtime Environment (11.0.10) (build 11.0.10+0-b96-7249189)
# Java VM: OpenJDK 64-Bit Server VM (11.0.10+0-b96-7249189, mixed mode, tiered, compressed oops, g1 gc, windows-amd64)
Heap:
 garbage-first heap   total 334848K, used 232343K [0x0000000080000000, 0x0000000100000000)
  region size 1024K, 127 young (130048K), 10 survivors (10240K)
 Metaspace       used 97235K, capacity 99731K, committed 99916K, reserved 1136640K
  class space    used 12620K, capacity 13544K, committed 13644K, reserved 1048576K
GC Heap History (20 events):
Event: 84.823 GC heap before
{Heap before GC invocations=106 (full 0):
 garbage-first heap   total 192512K, used 164240K [0x0000000080000000, 0x0000000100000000)
  region size 1024K, 62 young (63488K), 3 survivors (3072K)
 Metaspace       used 96801K, capacity 99262K, committed 99404K, reserved 1134592K
  class space    used 12600K, capacity 13531K, committed 13644K, reserved 1048576K
}
Event: 84.839 GC heap after
{Heap after GC invocations=107 (full 0):
 garbage-first heap   total 231424K, used 104923K [0x0000000080000000, 0x0000000100000000)
  region size 1024K, 3 young (3072K), 3 survivors (3072K)
 Metaspace       used 96801K, capacity 99262K, committed 99404K, reserved 1134592K
  class space    used 12600K, capacity 13531K, committed 13644K, reserved 1048576K
}
Event: 85.551 GC heap before
{Heap before GC invocations=107 (full 0):
 garbage-first heap   total 231424K, used 177627K [0x0000000080000000, 0x0000000100000000)
  region size 1024K, 74 young (75776K), 3 survivors (3072K)
 Metaspace       used 96825K, capacity 99262K, committed 99404K, reserved 1134592K
  class space    used 12606K, capacity 13531K, committed 13644K, reserved 1048576K
}
Event: 85.564 GC heap after
{Heap after GC invocations=108 (full 0):
 garbage-first heap   total 231424K, used 105984K [0x0000000080000000, 0x0000000100000000)
  region size 1024K, 4 young (4096K), 4 survivors (4096K)
 Metaspace       used 96825K, capacity 99262K, committed 99404K, reserved 1134592K
  class space    used 12606K, capacity 13531K, committed 13644K, reserved 1048576K
}
Event: 86.254 GC heap before
{Heap before GC invocations=108 (full 0):
 garbage-first heap   total 231424K, used 185856K [0x0000000080000000, 0x0000000100000000)
  region size 1024K, 82 young (83968K), 4 survivors (4096K)
 Metaspace       used 96843K, capacity 99262K, committed 99404K, reserved 1134592K
  class space    used 12607K, capacity 13531K, committed 13644K, reserved 1048576K
}
Event: 86.263 GC heap after
{Heap after GC invocations=109 (full 0):
 garbage-first heap   total 231424K, used 106596K [0x0000000080000000, 0x0000000100000000)
  region size 1024K, 5 young (5120K), 5 survivors (5120K)
 Metaspace       used 96843K, capacity 99262K, committed 99404K, reserved 1134592K
  class space    used 12607K, capacity 13531K, committed 13644K, reserved 1048576K
}
Event: 86.823 GC heap before
{Heap before GC invocations=109 (full 0):
 garbage-first heap   total 231424K, used 192612K [0x0000000080000000, 0x0000000100000000)
  region size 1024K, 89 young (91136K), 5 survivors (5120K)
 Metaspace       used 96852K, capacity 99262K, committed 99404K, reserved 1134592K
  class space    used 12607K, capacity 13531K, committed 13644K, reserved 1048576K
}
Event: 86.836 GC heap after
{Heap after GC invocations=110 (full 0):
 garbage-first heap   total 231424K, used 107293K [0x0000000080000000, 0x0000000100000000)
  region size 1024K, 5 young (5120K), 5 survivors (5120K)
 Metaspace       used 96852K, capacity 99262K, committed 99404K, reserved 1134592K
  class space    used 12607K, capacity 13531K, committed 13644K, reserved 1048576K
}
Event: 87.405 GC heap before
{Heap before GC invocations=110 (full 0):
 garbage-first heap   total 231424K, used 200477K [0x0000000080000000, 0x0000000100000000)
  region size 1024K, 96 young (98304K), 5 survivors (5120K)
 Metaspace       used 96879K, capacity 99278K, committed 99404K, reserved 1134592K
  class space    used 12609K, capacity 13535K, committed 13644K, reserved 1048576K
}
Event: 87.423 GC heap after
{Heap after GC invocations=111 (full 0):
 garbage-first heap   total 231424K, used 108208K [0x0000000080000000, 0x0000000100000000)
  region size 1024K, 6 young (6144K), 6 survivors (6144K)
 Metaspace       used 96879K, capacity 99278K, committed 99404K, reserved 1134592K
  class space    used 12609K, capacity 13535K, committed 13644K, reserved 1048576K
}
Event: 88.618 GC heap before
{Heap before GC invocations=111 (full 0):
 garbage-first heap   total 231424K, used 200368K [0x0000000080000000, 0x0000000100000000)
  region size 1024K, 96 young (98304K), 6 survivors (6144K)
 Metaspace       used 97120K, capacity 99529K, committed 99660K, reserved 1134592K
  class space    used 12619K, capacity 13543K, committed 13644K, reserved 1048576K
}
Event: 88.641 GC heap after
{Heap after GC invocations=112 (full 0):
 garbage-first heap   total 278528K, used 108593K [0x0000000080000000, 0x0000000100000000)
  region size 1024K, 7 young (7168K), 7 survivors (7168K)
 Metaspace       used 97120K, capacity 99529K, committed 99660K, reserved 1134592K
  class space    used 12619K, capacity 13543K, committed 13644K, reserved 1048576K
}
Event: 90.127 GC heap before
{Heap before GC invocations=112 (full 0):
 garbage-first heap   total 278528K, used 222257K [0x0000000080000000, 0x0000000100000000)
  region size 1024K, 118 young (120832K), 7 survivors (7168K)
 Metaspace       used 97154K, capacity 99593K, committed 99916K, reserved 1136640K
  class space    used 12619K, capacity 13543K, committed 13644K, reserved 1048576K
}
Event: 90.149 GC heap after
{Heap after GC invocations=113 (full 0):
 garbage-first heap   total 278528K, used 110365K [0x0000000080000000, 0x0000000100000000)
  region size 1024K, 8 young (8192K), 8 survivors (8192K)
 Metaspace       used 97154K, capacity 99593K, committed 99916K, reserved 1136640K
  class space    used 12619K, capacity 13543K, committed 13644K, reserved 1048576K
}
Event: 91.324 GC heap before
{Heap before GC invocations=113 (full 0):
 garbage-first heap   total 278528K, used 241437K [0x0000000080000000, 0x0000000100000000)
  region size 1024K, 136 young (139264K), 8 survivors (8192K)
 Metaspace       used 97167K, capacity 99593K, committed 99916K, reserved 1136640K
  class space    used 12619K, capacity 13543K, committed 13644K, reserved 1048576K
}
Event: 91.348 GC heap after
{Heap after GC invocations=114 (full 0):
 garbage-first heap   total 278528K, used 112133K [0x0000000080000000, 0x0000000100000000)
  region size 1024K, 10 young (10240K), 10 survivors (10240K)
 Metaspace       used 97167K, capacity 99593K, committed 99916K, reserved 1136640K
  class space    used 12619K, capacity 13543K, committed 13644K, reserved 1048576K
}
Event: 92.492 GC heap before
{Heap before GC invocations=114 (full 0):
 garbage-first heap   total 278528K, used 239109K [0x0000000080000000, 0x0000000100000000)
  region size 1024K, 134 young (137216K), 10 survivors (10240K)
 Metaspace       used 97205K, capacity 99596K, committed 99916K, reserved 1136640K
  class space    used 12619K, capacity 13543K, committed 13644K, reserved 1048576K
}
Event: 92.519 GC heap after
{Heap after GC invocations=115 (full 0):
 garbage-first heap   total 278528K, used 112757K [0x0000000080000000, 0x0000000100000000)
  region size 1024K, 10 young (10240K), 10 survivors (10240K)
 Metaspace       used 97205K, capacity 99596K, committed 99916K, reserved 1136640K
  class space    used 12619K, capacity 13543K, committed 13644K, reserved 1048576K
}
Event: 93.548 GC heap before
{Heap before GC invocations=115 (full 0):
 garbage-first heap   total 278528K, used 238709K [0x0000000080000000, 0x0000000100000000)
  region size 1024K, 133 young (136192K), 10 survivors (10240K)
 Metaspace       used 97218K, capacity 99724K, committed 99916K, reserved 1136640K
  class space    used 12619K, capacity 13543K, committed 13644K, reserved 1048576K
}
Event: 93.572 GC heap after
{Heap after GC invocations=116 (full 0):
 garbage-first heap   total 334848K, used 113559K [0x0000000080000000, 0x0000000100000000)
  region size 1024K, 10 young (10240K), 10 survivors (10240K)
 Metaspace       used 97218K, capacity 99724K, committed 99916K, reserved 1136640K
  class space    used 12619K, capacity 13543K, committed 13644K, reserved 1048576K
}

