# JRE version: OpenJDK Runtime Environment (11.0.10) (build 11.0.10+0-b96-7249189)
# Java VM: OpenJDK 64-Bit Server VM (11.0.10+0-b96-7249189, mixed mode, tiered, compressed oops, g1 gc, windows-amd64)
Heap:
 garbage-first heap   total 138240K, used 72108K [0x0000000080000000, 0x0000000100000000)
  region size 1024K, 12 young (12288K), 5 survivors (5120K)
 Metaspace       used 83539K, capacity 85523K, committed 85888K, reserved 1124352K
  class space    used 10826K, capacity 11579K, committed 11648K, reserved 1048576K
GC Heap History (20 events):
Event: 88.714 GC heap before
{Heap before GC invocations=66 (full 0):
 garbage-first heap   total 95232K, used 67269K [0x0000000080000000, 0x0000000100000000)
  region size 1024K, 15 young (15360K), 1 survivors (1024K)
 Metaspace       used 67687K, capacity 69277K, committed 69632K, reserved 1110016K
  class space    used 8743K, capacity 9352K, committed 9472K, reserved 1048576K
}
Event: 88.722 GC heap after
{Heap after GC invocations=67 (full 0):
 garbage-first heap   total 95232K, used 53569K [0x0000000080000000, 0x0000000100000000)
  region size 1024K, 2 young (2048K), 2 survivors (2048K)
 Metaspace       used 67687K, capacity 69277K, committed 69632K, reserved 1110016K
  class space    used 8743K, capacity 9352K, committed 9472K, reserved 1048576K
}
Event: 89.879 GC heap before
{Heap before GC invocations=68 (full 0):
 garbage-first heap   total 95232K, used 68929K [0x0000000080000000, 0x0000000100000000)
  region size 1024K, 17 young (17408K), 2 survivors (2048K)
 Metaspace       used 68964K, capacity 70527K, committed 70784K, reserved 1110016K
  class space    used 8912K, capacity 9505K, committed 9600K, reserved 1048576K
}
Event: 89.891 GC heap after
{Heap after GC invocations=69 (full 0):
 garbage-first heap   total 95232K, used 54734K [0x0000000080000000, 0x0000000100000000)
  region size 1024K, 3 young (3072K), 3 survivors (3072K)
 Metaspace       used 68964K, capacity 70527K, committed 70784K, reserved 1110016K
  class space    used 8912K, capacity 9505K, committed 9600K, reserved 1048576K
}
Event: 90.468 GC heap before
{Heap before GC invocations=69 (full 0):
 garbage-first heap   total 95232K, used 70094K [0x0000000080000000, 0x0000000100000000)
  region size 1024K, 18 young (18432K), 3 survivors (3072K)
 Metaspace       used 70144K, capacity 71819K, committed 71936K, reserved 1112064K
  class space    used 9090K, capacity 9696K, committed 9728K, reserved 1048576K
}
Event: 90.482 GC heap after
{Heap after GC invocations=70 (full 0):
 garbage-first heap   total 95232K, used 55915K [0x0000000080000000, 0x0000000100000000)
  region size 1024K, 3 young (3072K), 3 survivors (3072K)
 Metaspace       used 70144K, capacity 71819K, committed 71936K, reserved 1112064K
  class space    used 9090K, capacity 9696K, committed 9728K, reserved 1048576K
}
Event: 91.193 GC heap before
{Heap before GC invocations=71 (full 0):
 garbage-first heap   total 95232K, used 71275K [0x0000000080000000, 0x0000000100000000)
  region size 1024K, 18 young (18432K), 3 survivors (3072K)
 Metaspace       used 72006K, capacity 73646K, committed 73728K, reserved 1114112K
  class space    used 9384K, capacity 9964K, committed 9984K, reserved 1048576K
}
Event: 91.205 GC heap after
{Heap after GC invocations=72 (full 0):
 garbage-first heap   total 114688K, used 56395K [0x0000000080000000, 0x0000000100000000)
  region size 1024K, 2 young (2048K), 2 survivors (2048K)
 Metaspace       used 72006K, capacity 73646K, committed 73728K, reserved 1114112K
  class space    used 9384K, capacity 9964K, committed 9984K, reserved 1048576K
}
Event: 92.938 GC heap before
{Heap before GC invocations=72 (full 0):
 garbage-first heap   total 114688K, used 81995K [0x0000000080000000, 0x0000000100000000)
  region size 1024K, 27 young (27648K), 2 survivors (2048K)
 Metaspace       used 75348K, capacity 77027K, committed 77312K, reserved 1116160K
  class space    used 9809K, capacity 10438K, committed 10496K, reserved 1048576K
}
Event: 92.949 GC heap after
{Heap after GC invocations=73 (full 0):
 garbage-first heap   total 114688K, used 57936K [0x0000000080000000, 0x0000000100000000)
  region size 1024K, 4 young (4096K), 4 survivors (4096K)
 Metaspace       used 75348K, capacity 77027K, committed 77312K, reserved 1116160K
  class space    used 9809K, capacity 10438K, committed 10496K, reserved 1048576K
}
Event: 95.163 GC heap before
{Heap before GC invocations=74 (full 0):
 garbage-first heap   total 114688K, used 82512K [0x0000000080000000, 0x0000000100000000)
  region size 1024K, 29 young (29696K), 4 survivors (4096K)
 Metaspace       used 77573K, capacity 79482K, committed 79488K, reserved 1118208K
  class space    used 10167K, capacity 10878K, committed 10880K, reserved 1048576K
}
Event: 95.176 GC heap after
{Heap after GC invocations=75 (full 0):
 garbage-first heap   total 114688K, used 60066K [0x0000000080000000, 0x0000000100000000)
  region size 1024K, 4 young (4096K), 4 survivors (4096K)
 Metaspace       used 77573K, capacity 79482K, committed 79488K, reserved 1118208K
  class space    used 10167K, capacity 10878K, committed 10880K, reserved 1048576K
}
Event: 96.802 GC heap before
{Heap before GC invocations=75 (full 0):
 garbage-first heap   total 114688K, used 86690K [0x0000000080000000, 0x0000000100000000)
  region size 1024K, 30 young (30720K), 4 survivors (4096K)
 Metaspace       used 78441K, capacity 80466K, committed 80640K, reserved 1118208K
  class space    used 10275K, capacity 10984K, committed 11008K, reserved 1048576K
}
Event: 96.815 GC heap after
{Heap after GC invocations=76 (full 0):
 garbage-first heap   total 114688K, used 62046K [0x0000000080000000, 0x0000000100000000)
  region size 1024K, 4 young (4096K), 4 survivors (4096K)
 Metaspace       used 78441K, capacity 80466K, committed 80640K, reserved 1118208K
  class space    used 10275K, capacity 10984K, committed 11008K, reserved 1048576K
}
Event: 98.496 GC heap before
{Heap before GC invocations=77 (full 0):
 garbage-first heap   total 114688K, used 86622K [0x0000000080000000, 0x0000000100000000)
  region size 1024K, 29 young (29696K), 4 survivors (4096K)
 Metaspace       used 78753K, capacity 80738K, committed 80896K, reserved 1120256K
  class space    used 10298K, capacity 11001K, committed 11008K, reserved 1048576K
}
Event: 98.515 GC heap after
{Heap after GC invocations=78 (full 0):
 garbage-first heap   total 138240K, used 63553K [0x0000000080000000, 0x0000000100000000)
  region size 1024K, 4 young (4096K), 4 survivors (4096K)
 Metaspace       used 78753K, capacity 80738K, committed 80896K, reserved 1120256K
  class space    used 10298K, capacity 11001K, committed 11008K, reserved 1048576K
}
Event: 100.116 GC heap before
{Heap before GC invocations=78 (full 0):
 garbage-first heap   total 138240K, used 95297K [0x0000000080000000, 0x0000000100000000)
  region size 1024K, 36 young (36864K), 4 survivors (4096K)
 Metaspace       used 81159K, capacity 83261K, committed 83328K, reserved 1122304K
  class space    used 10583K, capacity 11347K, committed 11392K, reserved 1048576K
}
Event: 100.126 GC heap after
{Heap after GC invocations=79 (full 0):
 garbage-first heap   total 138240K, used 64598K [0x0000000080000000, 0x0000000100000000)
  region size 1024K, 3 young (3072K), 3 survivors (3072K)
 Metaspace       used 81159K, capacity 83261K, committed 83328K, reserved 1122304K
  class space    used 10583K, capacity 11347K, committed 11392K, reserved 1048576K
}
Event: 101.820 GC heap before
{Heap before GC invocations=79 (full 0):
 garbage-first heap   total 138240K, used 101462K [0x0000000080000000, 0x0000000100000000)
  region size 1024K, 40 young (40960K), 3 survivors (3072K)
 Metaspace       used 83491K, capacity 85534K, committed 85632K, reserved 1124352K
  class space    used 10841K, capacity 11610K, committed 11648K, reserved 1048576K
}
Event: 101.838 GC heap after
{Heap after GC invocations=80 (full 0):
 garbage-first heap   total 138240K, used 66988K [0x0000000080000000, 0x0000000100000000)
  region size 1024K, 5 young (5120K), 5 survivors (5120K)
 Metaspace       used 83491K, capacity 85534K, committed 85632K, reserved 1124352K
  class space    used 10841K, capacity 11610K, committed 11648K, reserved 1048576K
}

