# JRE version: OpenJDK Runtime Environment (11.0.10) (build 11.0.10+0-b96-7249189)
# Java VM: OpenJDK 64-Bit Server VM (11.0.10+0-b96-7249189, mixed mode, tiered, compressed oops, g1 gc, windows-amd64)
Heap:
 garbage-first heap   total 133120K, used 83299K [0x0000000080000000, 0x0000000100000000)
  region size 1024K, 2 young (2048K), 2 survivors (2048K)
 Metaspace       used 87954K, capacity 90035K, committed 90368K, reserved 1128448K
  class space    used 11431K, capacity 12226K, committed 12288K, reserved 1048576K
GC Heap History (20 events):
Event: 71.044 GC heap after
{Heap after GC invocations=52 (full 0):
 garbage-first heap   total 92160K, used 61701K [0x0000000080000000, 0x0000000100000000)
  region size 1024K, 3 young (3072K), 3 survivors (3072K)
 Metaspace       used 78489K, capacity 80507K, committed 80768K, reserved 1118208K
  class space    used 10281K, capacity 11017K, committed 11136K, reserved 1048576K
}
Event: 72.604 GC heap before
{Heap before GC invocations=52 (full 0):
 garbage-first heap   total 92160K, used 75013K [0x0000000080000000, 0x0000000100000000)
  region size 1024K, 17 young (17408K), 3 survivors (3072K)
 Metaspace       used 78670K, capacity 80690K, committed 81024K, reserved 1120256K
  class space    used 10290K, capacity 11028K, committed 11136K, reserved 1048576K
}
Event: 72.615 GC heap after
{Heap after GC invocations=53 (full 0):
 garbage-first heap   total 110592K, used 62734K [0x0000000080000000, 0x0000000100000000)
  region size 1024K, 2 young (2048K), 2 survivors (2048K)
 Metaspace       used 78670K, capacity 80690K, committed 81024K, reserved 1120256K
  class space    used 10290K, capacity 11028K, committed 11136K, reserved 1048576K
}
Event: 74.361 GC heap before
{Heap before GC invocations=54 (full 0):
 garbage-first heap   total 110592K, used 87310K [0x0000000080000000, 0x0000000100000000)
  region size 1024K, 27 young (27648K), 2 survivors (2048K)
 Metaspace       used 80269K, capacity 82264K, committed 82432K, reserved 1120256K
  class space    used 10464K, capacity 11186K, committed 11264K, reserved 1048576K
}
Event: 74.370 GC heap after
{Heap after GC invocations=55 (full 0):
 garbage-first heap   total 110592K, used 63606K [0x0000000080000000, 0x0000000100000000)
  region size 1024K, 3 young (3072K), 3 survivors (3072K)
 Metaspace       used 80269K, capacity 82264K, committed 82432K, reserved 1120256K
  class space    used 10464K, capacity 11186K, committed 11264K, reserved 1048576K
}
Event: 74.980 GC heap before
{Heap before GC invocations=55 (full 0):
 garbage-first heap   total 110592K, used 89206K [0x0000000080000000, 0x0000000100000000)
  region size 1024K, 28 young (28672K), 3 survivors (3072K)
 Metaspace       used 82085K, capacity 84120K, committed 84224K, reserved 1122304K
  class space    used 10711K, capacity 11442K, committed 11520K, reserved 1048576K
}
Event: 74.990 GC heap after
{Heap after GC invocations=56 (full 0):
 garbage-first heap   total 110592K, used 63941K [0x0000000080000000, 0x0000000100000000)
  region size 1024K, 3 young (3072K), 3 survivors (3072K)
 Metaspace       used 82085K, capacity 84120K, committed 84224K, reserved 1122304K
  class space    used 10711K, capacity 11442K, committed 11520K, reserved 1048576K
}
Event: 76.333 GC heap before
{Heap before GC invocations=57 (full 0):
 garbage-first heap   total 110592K, used 88517K [0x0000000080000000, 0x0000000100000000)
  region size 1024K, 28 young (28672K), 3 survivors (3072K)
 Metaspace       used 83443K, capacity 85444K, committed 85632K, reserved 1124352K
  class space    used 10829K, capacity 11578K, committed 11648K, reserved 1048576K
}
Event: 76.352 GC heap after
{Heap after GC invocations=58 (full 0):
 garbage-first heap   total 110592K, used 66490K [0x0000000080000000, 0x0000000100000000)
  region size 1024K, 4 young (4096K), 4 survivors (4096K)
 Metaspace       used 83443K, capacity 85444K, committed 85632K, reserved 1124352K
  class space    used 10829K, capacity 11578K, committed 11648K, reserved 1048576K
}
Event: 77.833 GC heap before
{Heap before GC invocations=58 (full 0):
 garbage-first heap   total 110592K, used 90042K [0x0000000080000000, 0x0000000100000000)
  region size 1024K, 28 young (28672K), 4 survivors (4096K)
 Metaspace       used 84168K, capacity 86207K, committed 86528K, reserved 1124352K
  class space    used 10919K, capacity 11697K, committed 11776K, reserved 1048576K
}
Event: 77.848 GC heap after
{Heap after GC invocations=59 (full 0):
 garbage-first heap   total 110592K, used 68215K [0x0000000080000000, 0x0000000100000000)
  region size 1024K, 2 young (2048K), 2 survivors (2048K)
 Metaspace       used 84168K, capacity 86207K, committed 86528K, reserved 1124352K
  class space    used 10919K, capacity 11697K, committed 11776K, reserved 1048576K
}
Event: 78.275 GC heap before
{Heap before GC invocations=60 (full 0):
 garbage-first heap   total 110592K, used 90743K [0x0000000080000000, 0x0000000100000000)
  region size 1024K, 25 young (25600K), 2 survivors (2048K)
 Metaspace       used 84989K, capacity 87047K, committed 87168K, reserved 1124352K
  class space    used 11028K, capacity 11805K, committed 11904K, reserved 1048576K
}
Event: 78.286 GC heap after
{Heap after GC invocations=61 (full 0):
 garbage-first heap   total 110592K, used 74252K [0x0000000080000000, 0x0000000100000000)
  region size 1024K, 4 young (4096K), 4 survivors (4096K)
 Metaspace       used 84989K, capacity 87047K, committed 87168K, reserved 1124352K
  class space    used 11028K, capacity 11805K, committed 11904K, reserved 1048576K
}
Event: 78.574 GC heap before
{Heap before GC invocations=61 (full 0):
 garbage-first heap   total 110592K, used 89612K [0x0000000080000000, 0x0000000100000000)
  region size 1024K, 20 young (20480K), 4 survivors (4096K)
 Metaspace       used 85718K, capacity 87800K, committed 88064K, reserved 1126400K
  class space    used 11128K, capacity 11907K, committed 12032K, reserved 1048576K
}
Event: 78.586 GC heap after
{Heap after GC invocations=62 (full 0):
 garbage-first heap   total 110592K, used 76965K [0x0000000080000000, 0x0000000100000000)
  region size 1024K, 3 young (3072K), 3 survivors (3072K)
 Metaspace       used 85718K, capacity 87800K, committed 88064K, reserved 1126400K
  class space    used 11128K, capacity 11907K, committed 12032K, reserved 1048576K
}
Event: 79.034 GC heap before
{Heap before GC invocations=63 (full 0):
 garbage-first heap   total 110592K, used 91301K [0x0000000080000000, 0x0000000100000000)
  region size 1024K, 17 young (17408K), 3 survivors (3072K)
 Metaspace       used 87149K, capacity 89236K, committed 89472K, reserved 1126400K
  class space    used 11333K, capacity 12114K, committed 12160K, reserved 1048576K
}
Event: 79.042 GC heap after
{Heap after GC invocations=64 (full 0):
 garbage-first heap   total 110592K, used 78350K [0x0000000080000000, 0x0000000100000000)
  region size 1024K, 3 young (3072K), 3 survivors (3072K)
 Metaspace       used 87149K, capacity 89236K, committed 89472K, reserved 1126400K
  class space    used 11333K, capacity 12114K, committed 12160K, reserved 1048576K
}
Event: 79.407 GC heap before
{Heap before GC invocations=64 (full 0):
 garbage-first heap   total 110592K, used 91662K [0x0000000080000000, 0x0000000100000000)
  region size 1024K, 16 young (16384K), 3 survivors (3072K)
 Metaspace       used 87676K, capacity 89778K, committed 90112K, reserved 1126400K
  class space    used 11399K, capacity 12186K, committed 12288K, reserved 1048576K
}
Event: 79.434 GC heap after
{Heap after GC invocations=65 (full 0):
 garbage-first heap   total 110592K, used 80695K [0x0000000080000000, 0x0000000100000000)
  region size 1024K, 2 young (2048K), 2 survivors (2048K)
 Metaspace       used 87676K, capacity 89778K, committed 90112K, reserved 1126400K
  class space    used 11399K, capacity 12186K, committed 12288K, reserved 1048576K
}
Event: 79.815 GC heap before
{Heap before GC invocations=65 (full 0):
 garbage-first heap   total 110592K, used 92983K [0x0000000080000000, 0x0000000100000000)
  region size 1024K, 14 young (14336K), 2 survivors (2048K)
 Metaspace       used 87954K, capacity 90035K, committed 90368K, reserved 1128448K
  class space    used 11431K, capacity 12226K, committed 12288K, reserved 1048576K
}

