# JRE version: OpenJDK Runtime Environment (11.0.10) (build 11.0.10+0-b96-7249189)
# Java VM: OpenJDK 64-Bit Server VM (11.0.10+0-b96-7249189, mixed mode, tiered, compressed oops, g1 gc, windows-amd64)
Heap:
 garbage-first heap   total 159744K, used 124023K [0x0000000080000000, 0x0000000100000000)
  region size 1024K, 31 young (31744K), 5 survivors (5120K)
 Metaspace       used 93918K, capacity 96212K, committed 96384K, reserved 1132544K
  class space    used 12206K, capacity 13111K, committed 13184K, reserved 1048576K
GC Heap History (20 events):
Event: 57.388 GC heap before
{Heap before GC invocations=55 (full 0):
 garbage-first heap   total 133120K, used 101603K [0x0000000080000000, 0x0000000100000000)
  region size 1024K, 21 young (21504K), 2 survivors (2048K)
 Metaspace       used 85736K, capacity 87730K, committed 87936K, reserved 1126400K
  class space    used 11082K, capacity 11801K, committed 11904K, reserved 1048576K
}
Event: 57.394 GC heap after
{Heap after GC invocations=56 (full 0):
 garbage-first heap   total 133120K, used 82417K [0x0000000080000000, 0x0000000100000000)
  region size 1024K, 2 young (2048K), 2 survivors (2048K)
 Metaspace       used 85736K, capacity 87730K, committed 87936K, reserved 1126400K
  class space    used 11082K, capacity 11801K, committed 11904K, reserved 1048576K
}
Event: 57.583 GC heap before
{Heap before GC invocations=56 (full 0):
 garbage-first heap   total 133120K, used 86513K [0x0000000080000000, 0x0000000100000000)
  region size 1024K, 6 young (6144K), 2 survivors (2048K)
 Metaspace       used 85991K, capacity 87954K, committed 88192K, reserved 1126400K
  class space    used 11105K, capacity 11833K, committed 11904K, reserved 1048576K
}
Event: 57.592 GC heap after
{Heap after GC invocations=57 (full 0):
 garbage-first heap   total 133120K, used 74746K [0x0000000080000000, 0x0000000100000000)
  region size 1024K, 1 young (1024K), 1 survivors (1024K)
 Metaspace       used 85991K, capacity 87954K, committed 88192K, reserved 1126400K
  class space    used 11105K, capacity 11833K, committed 11904K, reserved 1048576K
}
Event: 59.307 GC heap before
{Heap before GC invocations=57 (full 0):
 garbage-first heap   total 133120K, used 98298K [0x0000000080000000, 0x0000000100000000)
  region size 1024K, 25 young (25600K), 1 survivors (1024K)
 Metaspace       used 86770K, capacity 88843K, committed 89088K, reserved 1126400K
  class space    used 11160K, capacity 11905K, committed 12032K, reserved 1048576K
}
Event: 59.317 GC heap after
{Heap after GC invocations=58 (full 0):
 garbage-first heap   total 133120K, used 76878K [0x0000000080000000, 0x0000000100000000)
  region size 1024K, 3 young (3072K), 3 survivors (3072K)
 Metaspace       used 86770K, capacity 88843K, committed 89088K, reserved 1126400K
  class space    used 11160K, capacity 11905K, committed 12032K, reserved 1048576K
}
Event: 60.322 GC heap before
{Heap before GC invocations=59 (full 0):
 garbage-first heap   total 133120K, used 96334K [0x0000000080000000, 0x0000000100000000)
  region size 1024K, 27 young (27648K), 3 survivors (3072K)
 Metaspace       used 87494K, capacity 89565K, committed 89728K, reserved 1126400K
  class space    used 11270K, capacity 12058K, committed 12160K, reserved 1048576K
}
Event: 60.339 GC heap after
{Heap after GC invocations=60 (full 0):
 garbage-first heap   total 133120K, used 76381K [0x0000000080000000, 0x0000000100000000)
  region size 1024K, 4 young (4096K), 4 survivors (4096K)
 Metaspace       used 87494K, capacity 89565K, committed 89728K, reserved 1126400K
  class space    used 11270K, capacity 12058K, committed 12160K, reserved 1048576K
}
Event: 60.358 GC heap before
{Heap before GC invocations=60 (full 0):
 garbage-first heap   total 133120K, used 77405K [0x0000000080000000, 0x0000000100000000)
  region size 1024K, 6 young (6144K), 4 survivors (4096K)
 Metaspace       used 87556K, capacity 89632K, committed 89984K, reserved 1126400K
  class space    used 11272K, capacity 12058K, committed 12160K, reserved 1048576K
}
Event: 60.368 GC heap after
{Heap after GC invocations=61 (full 0):
 garbage-first heap   total 133120K, used 74323K [0x0000000080000000, 0x0000000100000000)
  region size 1024K, 1 young (1024K), 1 survivors (1024K)
 Metaspace       used 87556K, capacity 89632K, committed 89984K, reserved 1126400K
  class space    used 11272K, capacity 12058K, committed 12160K, reserved 1048576K
}
Event: 60.783 GC heap before
{Heap before GC invocations=61 (full 0):
 garbage-first heap   total 133120K, used 98899K [0x0000000080000000, 0x0000000100000000)
  region size 1024K, 26 young (26624K), 1 survivors (1024K)
 Metaspace       used 88562K, capacity 90613K, committed 90880K, reserved 1128448K
  class space    used 11410K, capacity 12193K, committed 12288K, reserved 1048576K
}
Event: 60.791 GC heap after
{Heap after GC invocations=62 (full 0):
 garbage-first heap   total 133120K, used 80531K [0x0000000080000000, 0x0000000100000000)
  region size 1024K, 4 young (4096K), 4 survivors (4096K)
 Metaspace       used 88562K, capacity 90613K, committed 90880K, reserved 1128448K
  class space    used 11410K, capacity 12193K, committed 12288K, reserved 1048576K
}
Event: 61.559 GC heap before
{Heap before GC invocations=63 (full 0):
 garbage-first heap   total 133120K, used 103059K [0x0000000080000000, 0x0000000100000000)
  region size 1024K, 27 young (27648K), 4 survivors (4096K)
 Metaspace       used 90450K, capacity 92535K, committed 92672K, reserved 1130496K
  class space    used 11670K, capacity 12479K, committed 12544K, reserved 1048576K
}
Event: 61.574 GC heap after
{Heap after GC invocations=64 (full 0):
 garbage-first heap   total 133120K, used 83609K [0x0000000080000000, 0x0000000100000000)
  region size 1024K, 4 young (4096K), 4 survivors (4096K)
 Metaspace       used 90450K, capacity 92535K, committed 92672K, reserved 1130496K
  class space    used 11670K, capacity 12479K, committed 12544K, reserved 1048576K
}
Event: 62.165 GC heap before
{Heap before GC invocations=64 (full 0):
 garbage-first heap   total 133120K, used 106137K [0x0000000080000000, 0x0000000100000000)
  region size 1024K, 26 young (26624K), 4 survivors (4096K)
 Metaspace       used 91374K, capacity 93533K, committed 93568K, reserved 1130496K
  class space    used 11803K, capacity 12637K, committed 12672K, reserved 1048576K
}
Event: 62.210 GC heap after
{Heap after GC invocations=65 (full 0):
 garbage-first heap   total 159744K, used 87304K [0x0000000080000000, 0x0000000100000000)
  region size 1024K, 4 young (4096K), 4 survivors (4096K)
 Metaspace       used 91374K, capacity 93533K, committed 93568K, reserved 1130496K
  class space    used 11803K, capacity 12637K, committed 12672K, reserved 1048576K
}
Event: 63.044 GC heap before
{Heap before GC invocations=66 (full 0):
 garbage-first heap   total 159744K, used 117000K [0x0000000080000000, 0x0000000100000000)
  region size 1024K, 34 young (34816K), 4 survivors (4096K)
 Metaspace       used 92174K, capacity 94327K, committed 94464K, reserved 1130496K
  class space    used 11908K, capacity 12729K, committed 12800K, reserved 1048576K
}
Event: 63.072 GC heap after
{Heap after GC invocations=67 (full 0):
 garbage-first heap   total 159744K, used 93091K [0x0000000080000000, 0x0000000100000000)
  region size 1024K, 5 young (5120K), 5 survivors (5120K)
 Metaspace       used 92174K, capacity 94327K, committed 94464K, reserved 1130496K
  class space    used 11908K, capacity 12729K, committed 12800K, reserved 1048576K
}
Event: 63.397 GC heap before
{Heap before GC invocations=67 (full 0):
 garbage-first heap   total 159744K, used 121763K [0x0000000080000000, 0x0000000100000000)
  region size 1024K, 33 young (33792K), 5 survivors (5120K)
 Metaspace       used 93006K, capacity 95252K, committed 95360K, reserved 1132544K
  class space    used 12032K, capacity 12915K, committed 12928K, reserved 1048576K
}
Event: 63.428 GC heap after
{Heap after GC invocations=68 (full 0):
 garbage-first heap   total 159744K, used 98423K [0x0000000080000000, 0x0000000100000000)
  region size 1024K, 5 young (5120K), 5 survivors (5120K)
 Metaspace       used 93006K, capacity 95252K, committed 95360K, reserved 1132544K
  class space    used 12032K, capacity 12915K, committed 12928K, reserved 1048576K
}

