# JRE version: OpenJDK Runtime Environment (11.0.10) (build 11.0.10+0-b96-7249189)
# Java VM: OpenJDK 64-Bit Server VM (11.0.10+0-b96-7249189, mixed mode, tiered, compressed oops, g1 gc, windows-amd64)
Heap:
 garbage-first heap   total 133120K, used 102175K [0x0000000080000000, 0x0000000100000000)
  region size 1024K, 41 young (41984K), 5 survivors (5120K)
 Metaspace       used 85388K, capacity 87474K, committed 87680K, reserved 1124352K
  class space    used 11082K, capacity 11860K, committed 11904K, reserved 1048576K
GC Heap History (20 events):
Event: 60.967 GC heap before
{Heap before GC invocations=65 (full 0):
 garbage-first heap   total 92160K, used 68868K [0x0000000080000000, 0x0000000100000000)
  region size 1024K, 17 young (17408K), 2 survivors (2048K)
 Metaspace       used 69077K, capacity 70756K, committed 71040K, reserved 1110016K
  class space    used 8944K, capacity 9540K, committed 9600K, reserved 1048576K
}
Event: 60.982 GC heap after
{Heap after GC invocations=66 (full 0):
 garbage-first heap   total 92160K, used 54554K [0x0000000080000000, 0x0000000100000000)
  region size 1024K, 3 young (3072K), 3 survivors (3072K)
 Metaspace       used 69077K, capacity 70756K, committed 71040K, reserved 1110016K
  class space    used 8944K, capacity 9540K, committed 9600K, reserved 1048576K
}
Event: 62.104 GC heap before
{Heap before GC invocations=66 (full 0):
 garbage-first heap   total 92160K, used 69914K [0x0000000080000000, 0x0000000100000000)
  region size 1024K, 18 young (18432K), 3 survivors (3072K)
 Metaspace       used 70179K, capacity 71823K, committed 71936K, reserved 1112064K
  class space    used 9108K, capacity 9697K, committed 9728K, reserved 1048576K
}
Event: 62.112 GC heap after
{Heap after GC invocations=67 (full 0):
 garbage-first heap   total 92160K, used 55639K [0x0000000080000000, 0x0000000100000000)
  region size 1024K, 3 young (3072K), 3 survivors (3072K)
 Metaspace       used 70179K, capacity 71823K, committed 71936K, reserved 1112064K
  class space    used 9108K, capacity 9697K, committed 9728K, reserved 1048576K
}
Event: 63.086 GC heap before
{Heap before GC invocations=68 (full 0):
 garbage-first heap   total 92160K, used 70999K [0x0000000080000000, 0x0000000100000000)
  region size 1024K, 19 young (19456K), 3 survivors (3072K)
 Metaspace       used 72192K, capacity 73932K, committed 74112K, reserved 1114112K
  class space    used 9438K, capacity 10060K, committed 10112K, reserved 1048576K
}
Event: 63.097 GC heap after
{Heap after GC invocations=69 (full 0):
 garbage-first heap   total 92160K, used 56076K [0x0000000080000000, 0x0000000100000000)
  region size 1024K, 2 young (2048K), 2 survivors (2048K)
 Metaspace       used 72192K, capacity 73932K, committed 74112K, reserved 1114112K
  class space    used 9438K, capacity 10060K, committed 10112K, reserved 1048576K
}
Event: 64.137 GC heap before
{Heap before GC invocations=69 (full 0):
 garbage-first heap   total 92160K, used 72460K [0x0000000080000000, 0x0000000100000000)
  region size 1024K, 18 young (18432K), 2 survivors (2048K)
 Metaspace       used 74669K, capacity 76374K, committed 76544K, reserved 1116160K
  class space    used 9741K, capacity 10391K, committed 10496K, reserved 1048576K
}
Event: 64.150 GC heap after
{Heap after GC invocations=70 (full 0):
 garbage-first heap   total 110592K, used 57361K [0x0000000080000000, 0x0000000100000000)
  region size 1024K, 3 young (3072K), 3 survivors (3072K)
 Metaspace       used 74669K, capacity 76374K, committed 76544K, reserved 1116160K
  class space    used 9741K, capacity 10391K, committed 10496K, reserved 1048576K
}
Event: 65.721 GC heap before
{Heap before GC invocations=71 (full 0):
 garbage-first heap   total 110592K, used 81937K [0x0000000080000000, 0x0000000100000000)
  region size 1024K, 27 young (27648K), 3 survivors (3072K)
 Metaspace       used 76623K, capacity 78401K, committed 78592K, reserved 1118208K
  class space    used 9999K, capacity 10673K, committed 10752K, reserved 1048576K
}
Event: 65.737 GC heap after
{Heap after GC invocations=72 (full 0):
 garbage-first heap   total 110592K, used 59295K [0x0000000080000000, 0x0000000100000000)
  region size 1024K, 4 young (4096K), 4 survivors (4096K)
 Metaspace       used 76623K, capacity 78401K, committed 78592K, reserved 1118208K
  class space    used 9999K, capacity 10673K, committed 10752K, reserved 1048576K
}
Event: 67.860 GC heap before
{Heap before GC invocations=72 (full 0):
 garbage-first heap   total 110592K, used 83871K [0x0000000080000000, 0x0000000100000000)
  region size 1024K, 28 young (28672K), 4 survivors (4096K)
 Metaspace       used 78301K, capacity 80265K, committed 80384K, reserved 1118208K
  class space    used 10273K, capacity 11005K, committed 11008K, reserved 1048576K
}
Event: 67.878 GC heap after
{Heap after GC invocations=73 (full 0):
 garbage-first heap   total 110592K, used 61031K [0x0000000080000000, 0x0000000100000000)
  region size 1024K, 4 young (4096K), 4 survivors (4096K)
 Metaspace       used 78301K, capacity 80265K, committed 80384K, reserved 1118208K
  class space    used 10273K, capacity 11005K, committed 11008K, reserved 1048576K
}
Event: 69.820 GC heap before
{Heap before GC invocations=74 (full 0):
 garbage-first heap   total 110592K, used 84583K [0x0000000080000000, 0x0000000100000000)
  region size 1024K, 28 young (28672K), 4 survivors (4096K)
 Metaspace       used 78499K, capacity 80547K, committed 80768K, reserved 1118208K
  class space    used 10277K, capacity 11010K, committed 11136K, reserved 1048576K
}
Event: 69.836 GC heap after
{Heap after GC invocations=75 (full 0):
 garbage-first heap   total 110592K, used 62355K [0x0000000080000000, 0x0000000100000000)
  region size 1024K, 4 young (4096K), 4 survivors (4096K)
 Metaspace       used 78499K, capacity 80547K, committed 80768K, reserved 1118208K
  class space    used 10277K, capacity 11010K, committed 11136K, reserved 1048576K
}
Event: 71.665 GC heap before
{Heap before GC invocations=75 (full 0):
 garbage-first heap   total 110592K, used 85907K [0x0000000080000000, 0x0000000100000000)
  region size 1024K, 28 young (28672K), 4 survivors (4096K)
 Metaspace       used 79555K, capacity 81661K, committed 81792K, reserved 1120256K
  class space    used 10364K, capacity 11115K, committed 11136K, reserved 1048576K
}
Event: 71.688 GC heap after
{Heap after GC invocations=76 (full 0):
 garbage-first heap   total 133120K, used 63822K [0x0000000080000000, 0x0000000100000000)
  region size 1024K, 3 young (3072K), 3 survivors (3072K)
 Metaspace       used 79555K, capacity 81661K, committed 81792K, reserved 1120256K
  class space    used 10364K, capacity 11115K, committed 11136K, reserved 1048576K
}
Event: 72.886 GC heap before
{Heap before GC invocations=77 (full 0):
 garbage-first heap   total 133120K, used 97614K [0x0000000080000000, 0x0000000100000000)
  region size 1024K, 37 young (37888K), 3 survivors (3072K)
 Metaspace       used 82177K, capacity 84189K, committed 84480K, reserved 1122304K
  class space    used 10721K, capacity 11467K, committed 11520K, reserved 1048576K
}
Event: 72.897 GC heap after
{Heap after GC invocations=78 (full 0):
 garbage-first heap   total 133120K, used 64618K [0x0000000080000000, 0x0000000100000000)
  region size 1024K, 3 young (3072K), 3 survivors (3072K)
 Metaspace       used 82177K, capacity 84189K, committed 84480K, reserved 1122304K
  class space    used 10721K, capacity 11467K, committed 11520K, reserved 1048576K
}
Event: 75.248 GC heap before
{Heap before GC invocations=78 (full 0):
 garbage-first heap   total 133120K, used 100458K [0x0000000080000000, 0x0000000100000000)
  region size 1024K, 39 young (39936K), 3 survivors (3072K)
 Metaspace       used 83681K, capacity 85774K, committed 85888K, reserved 1124352K
  class space    used 10851K, capacity 11639K, committed 11648K, reserved 1048576K
}
Event: 75.265 GC heap after
{Heap after GC invocations=79 (full 0):
 garbage-first heap   total 133120K, used 67359K [0x0000000080000000, 0x0000000100000000)
  region size 1024K, 5 young (5120K), 5 survivors (5120K)
 Metaspace       used 83681K, capacity 85774K, committed 85888K, reserved 1124352K
  class space    used 10851K, capacity 11639K, committed 11648K, reserved 1048576K
}

